mode: set
github.com/scottwis/persistent/common.go:26.41,28.2 1 1
github.com/scottwis/persistent/common.go:30.42,32.2 1 1
github.com/scottwis/persistent/common.go:34.49,36.2 1 1
github.com/scottwis/persistent/common.go:38.49,41.2 1 1
github.com/scottwis/persistent/common.go:43.49,45.2 1 1
github.com/scottwis/persistent/common.go:46.53,48.32 2 1
github.com/scottwis/persistent/common.go:52.2,53.12 2 1
github.com/scottwis/persistent/common.go:48.32,50.3 1 0
github.com/scottwis/persistent/common.go:56.53,58.28 2 1
github.com/scottwis/persistent/common.go:66.2,66.39 1 0
github.com/scottwis/persistent/common.go:58.28,61.17 3 1
github.com/scottwis/persistent/common.go:64.3,64.38 1 1
github.com/scottwis/persistent/common.go:61.17,63.4 1 0
github.com/scottwis/persistent/set.go:9.40,11.14 2 1
github.com/scottwis/persistent/set.go:14.2,14.42 1 1
github.com/scottwis/persistent/set.go:11.14,13.3 1 1
github.com/scottwis/persistent/set.go:17.41,19.14 2 1
github.com/scottwis/persistent/set.go:23.2,24.28 2 1
github.com/scottwis/persistent/set.go:27.2,27.10 1 1
github.com/scottwis/persistent/set.go:19.14,21.3 1 1
github.com/scottwis/persistent/set.go:24.28,26.3 1 1
github.com/scottwis/persistent/set.go:30.38,31.22 1 1
github.com/scottwis/persistent/set.go:34.2,35.14 2 1
github.com/scottwis/persistent/set.go:39.2,41.3 1 1
github.com/scottwis/persistent/set.go:31.22,33.3 1 1
github.com/scottwis/persistent/set.go:35.14,37.3 1 1
github.com/scottwis/persistent/set.go:44.53,45.14 1 1
github.com/scottwis/persistent/set.go:50.2,51.30 2 1
github.com/scottwis/persistent/set.go:45.14,48.3 2 1
github.com/scottwis/persistent/set.go:54.56,55.14 1 1
github.com/scottwis/persistent/set.go:60.2,61.30 2 1
github.com/scottwis/persistent/set.go:55.14,58.3 2 1
github.com/scottwis/persistent/set.go:64.29,65.14 1 1
github.com/scottwis/persistent/set.go:68.2,68.22 1 1
github.com/scottwis/persistent/set.go:65.14,67.3 1 1
github.com/scottwis/persistent/set.go:71.37,73.14 2 1
github.com/scottwis/persistent/set.go:76.2,76.53 1 1
github.com/scottwis/persistent/set.go:73.14,75.3 1 1
github.com/scottwis/persistent/set.go:79.46,81.14 2 1
github.com/scottwis/persistent/set.go:84.2,84.60 1 1
github.com/scottwis/persistent/set.go:81.14,83.3 1 1
github.com/scottwis/persistent/set.go:87.33,89.2 1 1
github.com/scottwis/persistent/set.go:91.48,94.18 3 1
github.com/scottwis/persistent/set.go:97.2,97.26 1 1
github.com/scottwis/persistent/set.go:94.18,96.3 1 1
github.com/scottwis/persistent/set.go:100.51,103.16 3 0
github.com/scottwis/persistent/set.go:106.2,107.24 2 0
github.com/scottwis/persistent/set.go:110.2,111.12 2 0
github.com/scottwis/persistent/set.go:103.16,105.3 1 0
github.com/scottwis/persistent/set.go:107.24,109.3 1 0
github.com/scottwis/persistent/set.go:114.39,116.2 1 1
github.com/scottwis/persistent/set.go:122.38,124.2 1 1
github.com/scottwis/persistent/set.go:126.38,128.2 1 1
github.com/scottwis/persistent/tree.go:38.51,40.2 1 1
github.com/scottwis/persistent/tree.go:43.30,44.17 1 1
github.com/scottwis/persistent/tree.go:48.2,48.14 1 1
github.com/scottwis/persistent/tree.go:44.17,47.3 2 1
github.com/scottwis/persistent/tree.go:52.32,53.17 1 1
github.com/scottwis/persistent/tree.go:57.2,57.16 1 1
github.com/scottwis/persistent/tree.go:53.17,56.3 2 1
github.com/scottwis/persistent/tree.go:61.37,63.2 1 1
github.com/scottwis/persistent/tree.go:66.45,67.17 1 1
github.com/scottwis/persistent/tree.go:71.2,71.22 1 1
github.com/scottwis/persistent/tree.go:75.2,75.21 1 1
github.com/scottwis/persistent/tree.go:79.2,79.25 1 1
github.com/scottwis/persistent/tree.go:67.17,69.3 1 1
github.com/scottwis/persistent/tree.go:71.22,73.3 1 1
github.com/scottwis/persistent/tree.go:75.21,77.3 1 1
github.com/scottwis/persistent/tree.go:83.57,84.17 1 1
github.com/scottwis/persistent/tree.go:88.2,88.22 1 1
github.com/scottwis/persistent/tree.go:92.2,92.21 1 1
github.com/scottwis/persistent/tree.go:96.2,96.80 1 1
github.com/scottwis/persistent/tree.go:84.17,86.3 1 1
github.com/scottwis/persistent/tree.go:88.22,90.3 1 1
github.com/scottwis/persistent/tree.go:92.21,94.3 1 1
github.com/scottwis/persistent/tree.go:99.100,108.2 1 1
github.com/scottwis/persistent/tree.go:110.24,111.11 1 1
github.com/scottwis/persistent/tree.go:114.2,114.10 1 1
github.com/scottwis/persistent/tree.go:111.11,113.3 1 1
github.com/scottwis/persistent/tree.go:117.21,118.11 1 1
github.com/scottwis/persistent/tree.go:121.2,121.10 1 1
github.com/scottwis/persistent/tree.go:118.11,120.3 1 1
github.com/scottwis/persistent/tree.go:124.42,125.17 1 1
github.com/scottwis/persistent/tree.go:128.2,128.43 1 1
github.com/scottwis/persistent/tree.go:125.17,127.3 1 1
github.com/scottwis/persistent/tree.go:131.35,132.17 1 1
github.com/scottwis/persistent/tree.go:135.2,135.17 1 1
github.com/scottwis/persistent/tree.go:132.17,134.3 1 1
github.com/scottwis/persistent/tree.go:138.46,140.23 2 1
github.com/scottwis/persistent/tree.go:144.2,144.17 1 1
github.com/scottwis/persistent/tree.go:140.23,142.3 1 1
github.com/scottwis/persistent/tree.go:144.17,147.23 2 1
github.com/scottwis/persistent/tree.go:151.3,151.29 1 1
github.com/scottwis/persistent/tree.go:147.23,149.4 1 1
github.com/scottwis/persistent/tree.go:152.8,154.22 2 1
github.com/scottwis/persistent/tree.go:158.3,158.29 1 1
github.com/scottwis/persistent/tree.go:154.22,156.4 1 1
github.com/scottwis/persistent/tree.go:162.47,169.2 1 1
github.com/scottwis/persistent/tree.go:171.48,178.2 1 1
github.com/scottwis/persistent/tree.go:180.52,187.2 1 1
github.com/scottwis/persistent/tree.go:189.52,196.2 1 1
github.com/scottwis/persistent/tree.go:200.41,201.17 1 1
github.com/scottwis/persistent/tree.go:204.2,204.15 1 1
github.com/scottwis/persistent/tree.go:201.17,203.3 1 1
github.com/scottwis/persistent/tree.go:209.42,210.17 1 1
github.com/scottwis/persistent/tree.go:213.2,213.16 1 1
github.com/scottwis/persistent/tree.go:210.17,212.3 1 1
github.com/scottwis/persistent/tree.go:217.48,218.17 1 1
github.com/scottwis/persistent/tree.go:222.2,222.22 1 1
github.com/scottwis/persistent/tree.go:226.2,226.21 1 1
github.com/scottwis/persistent/tree.go:239.2,240.17 2 1
github.com/scottwis/persistent/tree.go:248.2,248.10 1 1
github.com/scottwis/persistent/tree.go:218.17,220.3 1 1
github.com/scottwis/persistent/tree.go:222.22,224.3 1 1
github.com/scottwis/persistent/tree.go:226.21,228.19 2 1
github.com/scottwis/persistent/tree.go:236.3,236.11 1 1
github.com/scottwis/persistent/tree.go:228.19,235.4 1 1
github.com/scottwis/persistent/tree.go:240.17,247.3 1 1
github.com/scottwis/persistent/tree.go:251.50,252.17 1 1
github.com/scottwis/persistent/tree.go:255.2,255.22 1 1
github.com/scottwis/persistent/tree.go:259.2,259.23 1 1
github.com/scottwis/persistent/tree.go:263.2,270.15 2 0
github.com/scottwis/persistent/tree.go:252.17,254.3 1 0
github.com/scottwis/persistent/tree.go:255.22,257.3 1 1
github.com/scottwis/persistent/tree.go:259.23,261.3 1 1
github.com/scottwis/persistent/tree.go:273.46,274.17 1 0
github.com/scottwis/persistent/tree.go:277.2,279.31 2 0
github.com/scottwis/persistent/tree.go:282.2,282.16 1 0
github.com/scottwis/persistent/tree.go:274.17,276.3 1 0
github.com/scottwis/persistent/tree.go:279.31,281.3 1 0
github.com/scottwis/persistent/tree.go:286.33,287.17 1 1
github.com/scottwis/persistent/tree.go:290.2,290.15 1 1
github.com/scottwis/persistent/tree.go:287.17,289.3 1 1
github.com/scottwis/persistent/tree.go:295.56,296.17 1 1
github.com/scottwis/persistent/tree.go:300.2,300.22 1 1
github.com/scottwis/persistent/tree.go:303.2,303.21 1 1
github.com/scottwis/persistent/tree.go:307.2,309.19 2 1
github.com/scottwis/persistent/tree.go:312.2,312.12 1 1
github.com/scottwis/persistent/tree.go:296.17,298.3 1 1
github.com/scottwis/persistent/tree.go:300.22,302.3 1 1
github.com/scottwis/persistent/tree.go:303.21,305.3 1 1
github.com/scottwis/persistent/tree.go:309.19,311.3 1 1
github.com/scottwis/persistent/tree.go:317.59,318.17 1 1
github.com/scottwis/persistent/tree.go:322.2,322.22 1 1
github.com/scottwis/persistent/tree.go:326.2,326.21 1 1
github.com/scottwis/persistent/tree.go:335.2,335.39 1 1
github.com/scottwis/persistent/tree.go:318.17,320.3 1 1
github.com/scottwis/persistent/tree.go:322.22,324.3 1 1
github.com/scottwis/persistent/tree.go:326.21,329.20 2 1
github.com/scottwis/persistent/tree.go:332.3,332.13 1 1
github.com/scottwis/persistent/tree.go:329.20,331.4 1 1
github.com/scottwis/persistent/tree.go:339.50,345.29 2 1
github.com/scottwis/persistent/tree.go:349.2,349.13 1 1
github.com/scottwis/persistent/tree.go:345.29,348.3 2 1
github.com/scottwis/persistent/tree.go:353.58,359.29 2 1
github.com/scottwis/persistent/tree.go:371.2,371.13 1 1
github.com/scottwis/persistent/tree.go:359.29,360.35 1 1
github.com/scottwis/persistent/tree.go:360.35,363.4 2 0
github.com/scottwis/persistent/tree.go:363.9,363.41 1 1
github.com/scottwis/persistent/tree.go:363.41,365.4 1 1
github.com/scottwis/persistent/tree.go:365.9,368.4 2 1
github.com/scottwis/persistent/tree.go:376.41,377.17 1 1
github.com/scottwis/persistent/tree.go:381.2,383.26 2 0
github.com/scottwis/persistent/tree.go:387.2,387.12 1 0
github.com/scottwis/persistent/tree.go:377.17,379.3 1 1
github.com/scottwis/persistent/tree.go:383.26,385.3 1 0
github.com/scottwis/persistent/tree.go:392.40,393.17 1 1
github.com/scottwis/persistent/tree.go:397.2,399.27 2 0
github.com/scottwis/persistent/tree.go:403.2,403.12 1 0
github.com/scottwis/persistent/tree.go:393.17,395.3 1 1
github.com/scottwis/persistent/tree.go:399.27,401.3 1 0
github.com/scottwis/persistent/tree.go:406.52,409.18 3 1
github.com/scottwis/persistent/tree.go:412.2,412.24 1 1
github.com/scottwis/persistent/tree.go:409.18,411.3 1 1
github.com/scottwis/persistent/tree.go:415.55,418.16 3 1
github.com/scottwis/persistent/tree.go:421.2,422.22 2 1
github.com/scottwis/persistent/tree.go:425.2,426.12 2 1
github.com/scottwis/persistent/tree.go:418.16,420.3 1 0
github.com/scottwis/persistent/tree.go:422.22,424.3 1 1
github.com/scottwis/persistent/tree.go:429.42,430.26 1 1
github.com/scottwis/persistent/tree.go:438.2,438.23 1 1
github.com/scottwis/persistent/tree.go:444.2,444.14 1 1
github.com/scottwis/persistent/tree.go:430.26,432.28 2 1
github.com/scottwis/persistent/tree.go:432.28,435.4 2 1
github.com/scottwis/persistent/tree.go:438.23,442.3 3 1
github.com/scottwis/persistent/tree.go:447.51,448.25 1 1
github.com/scottwis/persistent/tree.go:451.2,451.18 1 1
github.com/scottwis/persistent/tree.go:448.25,449.37 1 0
